<?xml version="1.0" encoding="UTF-8"?>
<!-- Generated by org.testng.reporters.JUnitReportReporter -->
<testsuite hostname="LAPTOP-78KC8FJR" failures="0" tests="3" name="TestOperations.validateAboutUs" time="20.505" errors="0" timestamp="16 Jan 2022 07:15:27 GMT" skipped="0">
  <testcase classname="TestOperations.validateAboutUs" name="navigate" time="17.236"/>
  <testcase classname="TestOperations.validateAboutUs" name="validAboutDetails" time="1.980"/>
  <testcase classname="TestOperations.validateAboutUs" name="teardown" time="1.289"/>
</testsuite> <!-- TestOperations.validateAboutUs -->
