<?xml version="1.0" encoding="UTF-8"?>
<!-- Generated by org.testng.reporters.JUnitReportReporter -->
<testsuite hostname="LAPTOP-78KC8FJR" failures="0" tests="2" name="TestOperations.validateElementTestCase" time="10.977" errors="0" timestamp="16 Jan 2022 06:16:15 GMT" skipped="0">
  <testcase classname="TestOperations.validateElementTestCase" name="navigate" time="10.852"/>
  <testcase classname="TestOperations.validateElementTestCase" name="validPageElement" time="0.125"/>
</testsuite> <!-- TestOperations.validateElementTestCase -->
