<?xml version="1.0" encoding="UTF-8"?>
<!-- Generated by org.testng.reporters.JUnitReportReporter -->
<testsuite hostname="LAPTOP-78KC8FJR" failures="0" tests="3" name="TestOperations.validatecontactUs" time="21.574" errors="0" timestamp="16 Jan 2022 07:15:59 GMT" skipped="0">
  <testcase classname="TestOperations.validatecontactUs" name="navigate" time="16.422"/>
  <testcase classname="TestOperations.validatecontactUs" name="validContactDetails" time="3.085"/>
  <testcase classname="TestOperations.validatecontactUs" name="teardown" time="2.067"/>
</testsuite> <!-- TestOperations.validatecontactUs -->
