<?xml version="1.0" encoding="UTF-8"?>
<!-- Generated by org.testng.reporters.JUnitReportReporter -->
<testsuite hostname="LAPTOP-78KC8FJR" failures="0" tests="3" name="TestOperations.TestCase_015" time="16.432" errors="0" timestamp="17 Jan 2022 09:16:08 GMT" skipped="0">
  <testcase classname="TestOperations.TestCase_015" name="navigate" time="14.120"/>
  <testcase classname="TestOperations.TestCase_015" name="validcarRentalDetails" time="1.545"/>
  <testcase classname="TestOperations.TestCase_015" name="teardown" time="0.767"/>
</testsuite> <!-- TestOperations.TestCase_015 -->
