<?xml version="1.0" encoding="UTF-8"?>
<!-- Generated by org.testng.reporters.JUnitReportReporter -->
<testsuite hostname="LAPTOP-78KC8FJR" failures="0" tests="2" name="TestOperations.TestCase_006" time="19.396" errors="0" timestamp="17 Jan 2022 09:16:08 GMT" skipped="0">
  <testcase classname="TestOperations.TestCase_006" name="navigate" time="9.728"/>
  <testcase classname="TestOperations.TestCase_006" name="validonewayBooking" time="9.668"/>
</testsuite> <!-- TestOperations.TestCase_006 -->
