<?xml version="1.0" encoding="UTF-8"?>
<!-- Generated by org.testng.reporters.JUnitReportReporter -->
<testsuite hostname="LAPTOP-78KC8FJR" failures="0" tests="2" name="TestOperations.TestCase_002" time="30.892" errors="0" timestamp="17 Jan 2022 09:16:08 GMT" skipped="0">
  <testcase classname="TestOperations.TestCase_002" name="navigate" time="30.811"/>
  <testcase classname="TestOperations.TestCase_002" name="validPageElement" time="0.081"/>
</testsuite> <!-- TestOperations.TestCase_002 -->
