<?xml version="1.0" encoding="UTF-8"?>
<!-- Generated by org.testng.reporters.JUnitReportReporter -->
<testsuite hostname="LAPTOP-78KC8FJR" failures="0" tests="2" name="TestOperations.getTitleTestCase" time="11.194" errors="0" timestamp="15 Jan 2022 16:42:49 GMT" skipped="0">
  <testcase classname="TestOperations.getTitleTestCase" name="navigate" time="11.173"/>
  <testcase classname="TestOperations.getTitleTestCase" name="getTitle" time="0.021"/>
</testsuite> <!-- TestOperations.getTitleTestCase -->
