<?xml version="1.0" encoding="UTF-8"?>
<!-- Generated by org.testng.reporters.JUnitReportReporter -->
<testsuite hostname="LAPTOP-78KC8FJR" failures="0" tests="3" name="TestOperations.validateBloggersSocial" time="24.676" errors="0" timestamp="16 Jan 2022 10:07:57 GMT" skipped="0">
  <testcase classname="TestOperations.validateBloggersSocial" name="navigate" time="18.478"/>
  <testcase classname="TestOperations.validateBloggersSocial" name="validContactDetails" time="4.976"/>
  <testcase classname="TestOperations.validateBloggersSocial" name="teardown" time="1.222"/>
</testsuite> <!-- TestOperations.validateBloggersSocial -->
