<?xml version="1.0" encoding="UTF-8"?>
<!-- Generated by org.testng.reporters.JUnitReportReporter -->
<testsuite hostname="LAPTOP-78KC8FJR" failures="0" tests="3" name="TestOperations.validateCarRentalCities" time="37.860" errors="0" timestamp="16 Jan 2022 09:52:02 GMT" skipped="0">
  <testcase classname="TestOperations.validateCarRentalCities" name="navigate" time="35.355"/>
  <testcase classname="TestOperations.validateCarRentalCities" name="validcabTypeDetails" time="1.347"/>
  <testcase classname="TestOperations.validateCarRentalCities" name="teardown" time="1.158"/>
</testsuite> <!-- TestOperations.validateCarRentalCities -->
