<?xml version="1.0" encoding="UTF-8"?>
<!-- Generated by org.testng.reporters.JUnitReportReporter -->
<testsuite hostname="LAPTOP-78KC8FJR" failures="0" tests="1" name="TestOperations.testRunner" time="45.228" errors="0" timestamp="19 Jan 2022 06:09:03 GMT" skipped="0">
  <testcase classname="TestOperations.testRunner" name="validToAirportTripBooking" time="45.228"/>
</testsuite> <!-- TestOperations.testRunner -->
