<?xml version="1.0" encoding="UTF-8"?>
<!-- Generated by org.testng.reporters.JUnitReportReporter -->
<testsuite hostname="LAPTOP-78KC8FJR" failures="0" tests="3" name="TestOperations.TestCase_014" time="17.740" errors="0" timestamp="17 Jan 2022 09:16:08 GMT" skipped="0">
  <testcase classname="TestOperations.TestCase_014" name="navigate" time="14.658"/>
  <testcase classname="TestOperations.TestCase_014" name="validcabTypeDetails" time="2.227"/>
  <testcase classname="TestOperations.TestCase_014" name="teardown" time="0.855"/>
</testsuite> <!-- TestOperations.TestCase_014 -->
