<?xml version="1.0" encoding="UTF-8"?>
<!-- Generated by org.testng.reporters.JUnitReportReporter -->
<testsuite hostname="LAPTOP-78KC8FJR" failures="0" tests="3" name="TestOperations.validateSitemapCabType" time="41.873" errors="0" timestamp="16 Jan 2022 09:47:44 GMT" skipped="0">
  <testcase classname="TestOperations.validateSitemapCabType" name="navigate" time="38.269"/>
  <testcase classname="TestOperations.validateSitemapCabType" name="validcabTypeDetails" time="2.241"/>
  <testcase classname="TestOperations.validateSitemapCabType" name="teardown" time="1.363"/>
</testsuite> <!-- TestOperations.validateSitemapCabType -->
