<?xml version="1.0" encoding="UTF-8"?>
<!-- Generated by org.testng.reporters.JUnitReportReporter -->
<testsuite hostname="LAPTOP-78KC8FJR" failures="0" tests="2" name="TestOperations.TestCase_004" time="34.946" errors="0" timestamp="17 Jan 2022 09:16:08 GMT" skipped="0">
  <testcase classname="TestOperations.TestCase_004" name="navigate" time="29.550"/>
  <testcase classname="TestOperations.TestCase_004" name="validcustomerLoginDetails" time="5.396"/>
</testsuite> <!-- TestOperations.TestCase_004 -->
