<?xml version="1.0" encoding="UTF-8"?>
<!-- Generated by org.testng.reporters.JUnitReportReporter -->
<testsuite hostname="LAPTOP-78KC8FJR" failures="0" tests="2" name="TestOperations.TestCase_005" time="34.326" errors="0" timestamp="17 Jan 2022 09:16:08 GMT" skipped="0">
  <testcase classname="TestOperations.TestCase_005" name="navigate" time="28.924"/>
  <testcase classname="TestOperations.TestCase_005" name="validforgotPasswordDetails" time="5.402"/>
</testsuite> <!-- TestOperations.TestCase_005 -->
