<?xml version="1.0" encoding="UTF-8"?>
<!-- Generated by org.testng.reporters.JUnitReportReporter -->
<testsuite hostname="LAPTOP-78KC8FJR" failures="0" tests="2" name="TestOperations.TestCase_010" time="24.176" errors="0" timestamp="17 Jan 2022 09:16:08 GMT" skipped="0">
  <testcase classname="TestOperations.TestCase_010" name="navigate" time="8.632"/>
  <testcase classname="TestOperations.TestCase_010" name="validToAirportTripBooking" time="15.544"/>
</testsuite> <!-- TestOperations.TestCase_010 -->
