<?xml version="1.0" encoding="UTF-8"?>
<!-- Generated by org.testng.reporters.JUnitReportReporter -->
<testsuite hostname="LAPTOP-78KC8FJR" failures="0" tests="2" name="TestOperations.TestCase_007" time="23.277" errors="0" timestamp="17 Jan 2022 09:16:08 GMT" skipped="0">
  <testcase classname="TestOperations.TestCase_007" name="navigate" time="12.121"/>
  <testcase classname="TestOperations.TestCase_007" name="validroundtripBooking" time="11.156"/>
</testsuite> <!-- TestOperations.TestCase_007 -->
