<?xml version="1.0" encoding="UTF-8"?>
<!-- Generated by org.testng.reporters.JUnitReportReporter -->
<testsuite hostname="LAPTOP-78KC8FJR" failures="0" tests="3" name="TestOperations.TestCase_012" time="20.494" errors="0" timestamp="17 Jan 2022 09:16:08 GMT" skipped="0">
  <testcase classname="TestOperations.TestCase_012" name="navigate" time="15.004"/>
  <testcase classname="TestOperations.TestCase_012" name="validbloggerSocialLinkDetails" time="4.522"/>
  <testcase classname="TestOperations.TestCase_012" name="teardown" time="0.968"/>
</testsuite> <!-- TestOperations.TestCase_012 -->
