<?xml version="1.0" encoding="UTF-8"?>
<!-- Generated by org.testng.reporters.JUnitReportReporter -->
<testsuite hostname="LAPTOP-78KC8FJR" failures="0" tests="2" name="TestOperations.TestCase_009" time="30.431" errors="0" timestamp="17 Jan 2022 09:16:08 GMT" skipped="0">
  <testcase classname="TestOperations.TestCase_009" name="navigate" time="15.062"/>
  <testcase classname="TestOperations.TestCase_009" name="validFromAirportTripBooking" time="15.369"/>
</testsuite> <!-- TestOperations.TestCase_009 -->
